#
# There is insufficient memory for the Java Runtime Environment to continue.
# Native memory allocation (malloc) failed to allocate 2826436608 bytes for committing reserved memory.
# Possible reasons:
#   The system is out of physical RAM or swap space
#   In 32 bit mode, the process size limit was hit
# Possible solutions:
#   Reduce memory load on the system
#   Increase physical memory or swap space
#   Check if swap backing store is full
#   Use 64 bit Java on a 64 bit OS
#   Decrease Java heap size (-Xmx/-Xms)
#   Decrease number of Java threads
#   Decrease Java thread stack sizes (-Xss)
#   Set larger code cache with -XX:ReservedCodeCacheSize=
# This output file may be truncated or incomplete.
#
#  Out of Memory Error (os_linux.cpp:2761), pid=24673, tid=140244470781696
#
# JRE version:  (7.0_51) (build )
# Java VM: OpenJDK 64-Bit Server VM (24.45-b08 mixed mode linux-amd64 compressed oops)
# Failed to write core dump. Core dumps have been disabled. To enable core dumping, try "ulimit -c unlimited" before starting Java again
#

---------------  T H R E A D  ---------------

Current thread (0x00007f8d2c00a800):  JavaThread "Unknown thread" [_thread_in_vm, id=24679, stack(0x00007f8d35ccd000,0x00007f8d35dce000)]

Stack: [0x00007f8d35ccd000,0x00007f8d35dce000],  sp=0x00007f8d35dcc420,  free space=1021k
Native frames: (J=compiled Java code, j=interpreted, Vv=VM code, C=native code)
V  [libjvm.so+0x9163b5]  VMError::report_and_die()+0x175
V  [libjvm.so+0x466764]  report_vm_out_of_memory(char const*, int, unsigned long, char const*)+0x74
V  [libjvm.so+0x799193]  os::pd_commit_memory(char*, unsigned long, unsigned long, bool)+0x1e3
V  [libjvm.so+0x793aaf]  os::commit_memory(char*, unsigned long, unsigned long, bool)+0x1f
V  [libjvm.so+0x803e9b]  PSVirtualSpace::expand_by(unsigned long)+0x5b
V  [libjvm.so+0x804c0b]  PSYoungGen::initialize_virtual_space(ReservedSpace, unsigned long)+0xbb
V  [libjvm.so+0x8052e0]  PSYoungGen::initialize(ReservedSpace, unsigned long)+0x50
V  [libjvm.so+0x284d12]  AdjoiningGenerations::AdjoiningGenerations(ReservedSpace, unsigned long, unsigned long, unsigned long, unsigned long, unsigned long, unsigned long, unsigned long)+0x342
V  [libjvm.so+0x7b745a]  ParallelScavengeHeap::initialize()+0x60a
V  [libjvm.so+0x8e86c7]  Universe::initialize_heap()+0xc7
V  [libjvm.so+0x8e89f7]  universe_init()+0x67
V  [libjvm.so+0x574255]  init_globals()+0x55
V  [libjvm.so+0x8cb87f]  Threads::create_vm(JavaVMInitArgs*, bool*)+0x35f
V  [libjvm.so+0x5ddb14]  JNI_CreateJavaVM+0x54
C  [libjli.so+0x2b18]  __strcat_chk+0x2b18


---------------  P R O C E S S  ---------------

Java Threads: ( => current thread )

Other Threads:

=>0x00007f8d2c00a800 (exited) JavaThread "Unknown thread" [_thread_in_vm, id=24679, stack(0x00007f8d35ccd000,0x00007f8d35dce000)]

VM state:not at safepoint (not fully initialized)

VM Mutex/Monitor currently owned by a thread: None

GC Heap History (0 events):
No events

Deoptimization events (0 events):
No events

Internal exceptions (0 events):
No events

Events (0 events):
No events


Dynamic libraries:
00400000-00401000 r-xp 00000000 08:04 6560599                            /usr/lib/jvm/java-7-openjdk-amd64/jre/bin/java
00600000-00601000 r--p 00000000 08:04 6560599                            /usr/lib/jvm/java-7-openjdk-amd64/jre/bin/java
00601000-00602000 rw-p 00001000 08:04 6560599                            /usr/lib/jvm/java-7-openjdk-amd64/jre/bin/java
00a2c000-00a4d000 rw-p 00000000 00:00 0                                  [heap]
5fc380000-757880000 rw-p 00000000 00:00 0 
7f8d29000000-7f8d29270000 rwxp 00000000 00:00 0 
7f8d29270000-7f8d2c022000 rw-p 00000000 00:00 0 
7f8d2c022000-7f8d30000000 ---p 00000000 00:00 0 
7f8d3170d000-7f8d31943000 rw-p 00000000 00:00 0 
7f8d31943000-7f8d32961000 rw-p 00000000 00:00 0 
7f8d32961000-7f8d32962000 rw-p 00000000 00:00 0 
7f8d32962000-7f8d3296a000 r-xp 00000000 08:04 6554810                    /usr/lib/jvm/java-7-openjdk-amd64/jre/lib/amd64/libzip.so
7f8d3296a000-7f8d32b69000 ---p 00008000 08:04 6554810                    /usr/lib/jvm/java-7-openjdk-amd64/jre/lib/amd64/libzip.so
7f8d32b69000-7f8d32b6a000 r--p 00007000 08:04 6554810                    /usr/lib/jvm/java-7-openjdk-amd64/jre/lib/amd64/libzip.so
7f8d32b6a000-7f8d32b6b000 rw-p 00008000 08:04 6554810                    /usr/lib/jvm/java-7-openjdk-amd64/jre/lib/amd64/libzip.so
7f8d32b6b000-7f8d32b77000 r-xp 00000000 08:04 6554949                    /lib/x86_64-linux-gnu/libnss_files-2.17.so
7f8d32b77000-7f8d32d76000 ---p 0000c000 08:04 6554949                    /lib/x86_64-linux-gnu/libnss_files-2.17.so
7f8d32d76000-7f8d32d77000 r--p 0000b000 08:04 6554949                    /lib/x86_64-linux-gnu/libnss_files-2.17.so
7f8d32d77000-7f8d32d78000 rw-p 0000c000 08:04 6554949                    /lib/x86_64-linux-gnu/libnss_files-2.17.so
7f8d32d78000-7f8d32d83000 r-xp 00000000 08:04 6554947                    /lib/x86_64-linux-gnu/libnss_nis-2.17.so
7f8d32d83000-7f8d32f82000 ---p 0000b000 08:04 6554947                    /lib/x86_64-linux-gnu/libnss_nis-2.17.so
7f8d32f82000-7f8d32f83000 r--p 0000a000 08:04 6554947                    /lib/x86_64-linux-gnu/libnss_nis-2.17.so
7f8d32f83000-7f8d32f84000 rw-p 0000b000 08:04 6554947                    /lib/x86_64-linux-gnu/libnss_nis-2.17.so
7f8d32f84000-7f8d32f9b000 r-xp 00000000 08:04 6553648                    /lib/x86_64-linux-gnu/libnsl-2.17.so
7f8d32f9b000-7f8d3319a000 ---p 00017000 08:04 6553648                    /lib/x86_64-linux-gnu/libnsl-2.17.so
7f8d3319a000-7f8d3319b000 r--p 00016000 08:04 6553648                    /lib/x86_64-linux-gnu/libnsl-2.17.so
7f8d3319b000-7f8d3319c000 rw-p 00017000 08:04 6553648                    /lib/x86_64-linux-gnu/libnsl-2.17.so
7f8d3319c000-7f8d3319e000 rw-p 00000000 00:00 0 
7f8d3319e000-7f8d331a6000 r-xp 00000000 08:04 6554938                    /lib/x86_64-linux-gnu/libnss_compat-2.17.so
7f8d331a6000-7f8d333a5000 ---p 00008000 08:04 6554938                    /lib/x86_64-linux-gnu/libnss_compat-2.17.so
7f8d333a5000-7f8d333a6000 r--p 00007000 08:04 6554938                    /lib/x86_64-linux-gnu/libnss_compat-2.17.so
7f8d333a6000-7f8d333a7000 rw-p 00008000 08:04 6554938                    /lib/x86_64-linux-gnu/libnss_compat-2.17.so
7f8d333a7000-7f8d333d2000 r-xp 00000000 08:04 6554807                    /usr/lib/jvm/java-7-openjdk-amd64/jre/lib/amd64/libjava.so
7f8d333d2000-7f8d335d1000 ---p 0002b000 08:04 6554807                    /usr/lib/jvm/java-7-openjdk-amd64/jre/lib/amd64/libjava.so
7f8d335d1000-7f8d335d2000 r--p 0002a000 08:04 6554807                    /usr/lib/jvm/java-7-openjdk-amd64/jre/lib/amd64/libjava.so
7f8d335d2000-7f8d335d4000 rw-p 0002b000 08:04 6554807                    /usr/lib/jvm/java-7-openjdk-amd64/jre/lib/amd64/libjava.so
7f8d335d4000-7f8d335e4000 r-xp 00000000 08:04 6555847                    /usr/lib/jvm/java-7-openjdk-amd64/jre/lib/amd64/libverify.so
7f8d335e4000-7f8d337e3000 ---p 00010000 08:04 6555847                    /usr/lib/jvm/java-7-openjdk-amd64/jre/lib/amd64/libverify.so
7f8d337e3000-7f8d337e5000 r--p 0000f000 08:04 6555847                    /usr/lib/jvm/java-7-openjdk-amd64/jre/lib/amd64/libverify.so
7f8d337e5000-7f8d337e6000 rw-p 00011000 08:04 6555847                    /usr/lib/jvm/java-7-openjdk-amd64/jre/lib/amd64/libverify.so
7f8d337e6000-7f8d337ed000 r-xp 00000000 08:04 6554950                    /lib/x86_64-linux-gnu/librt-2.17.so
7f8d337ed000-7f8d339ec000 ---p 00007000 08:04 6554950                    /lib/x86_64-linux-gnu/librt-2.17.so
7f8d339ec000-7f8d339ed000 r--p 00006000 08:04 6554950                    /lib/x86_64-linux-gnu/librt-2.17.so
7f8d339ed000-7f8d339ee000 rw-p 00007000 08:04 6554950                    /lib/x86_64-linux-gnu/librt-2.17.so
7f8d339ee000-7f8d33a03000 r-xp 00000000 08:04 6564682                    /lib/x86_64-linux-gnu/libgcc_s.so.1
7f8d33a03000-7f8d33c02000 ---p 00015000 08:04 6564682                    /lib/x86_64-linux-gnu/libgcc_s.so.1
7f8d33c02000-7f8d33c03000 r--p 00014000 08:04 6564682                    /lib/x86_64-linux-gnu/libgcc_s.so.1
7f8d33c03000-7f8d33c04000 rw-p 00015000 08:04 6564682                    /lib/x86_64-linux-gnu/libgcc_s.so.1
7f8d33c04000-7f8d33d07000 r-xp 00000000 08:04 6554941                    /lib/x86_64-linux-gnu/libm-2.17.so
7f8d33d07000-7f8d33f06000 ---p 00103000 08:04 6554941                    /lib/x86_64-linux-gnu/libm-2.17.so
7f8d33f06000-7f8d33f07000 r--p 00102000 08:04 6554941                    /lib/x86_64-linux-gnu/libm-2.17.so
7f8d33f07000-7f8d33f08000 rw-p 00103000 08:04 6554941                    /lib/x86_64-linux-gnu/libm-2.17.so
7f8d33f08000-7f8d33fee000 r-xp 00000000 08:04 6439874                    /usr/lib/x86_64-linux-gnu/libstdc++.so.6.0.18
7f8d33fee000-7f8d341ed000 ---p 000e6000 08:04 6439874                    /usr/lib/x86_64-linux-gnu/libstdc++.so.6.0.18
7f8d341ed000-7f8d341f5000 r--p 000e5000 08:04 6439874                    /usr/lib/x86_64-linux-gnu/libstdc++.so.6.0.18
7f8d341f5000-7f8d341f7000 rw-p 000ed000 08:04 6439874                    /usr/lib/x86_64-linux-gnu/libstdc++.so.6.0.18
7f8d341f7000-7f8d3420c000 rw-p 00000000 00:00 0 
7f8d3420c000-7f8d34ceb000 r-xp 00000000 08:04 6557687                    /usr/lib/jvm/java-7-openjdk-amd64/jre/lib/amd64/server/libjvm.so
7f8d34ceb000-7f8d34eea000 ---p 00adf000 08:04 6557687                    /usr/lib/jvm/java-7-openjdk-amd64/jre/lib/amd64/server/libjvm.so
7f8d34eea000-7f8d34f7c000 r--p 00ade000 08:04 6557687                    /usr/lib/jvm/java-7-openjdk-amd64/jre/lib/amd64/server/libjvm.so
7f8d34f7c000-7f8d34f9f000 rw-p 00b70000 08:04 6557687                    /usr/lib/jvm/java-7-openjdk-amd64/jre/lib/amd64/server/libjvm.so
7f8d34f9f000-7f8d34fcc000 rw-p 00000000 00:00 0 
7f8d34fcc000-7f8d34fe4000 r-xp 00000000 08:04 6558908                    /lib/x86_64-linux-gnu/libz.so.1.2.8
7f8d34fe4000-7f8d351e3000 ---p 00018000 08:04 6558908                    /lib/x86_64-linux-gnu/libz.so.1.2.8
7f8d351e3000-7f8d351e4000 r--p 00017000 08:04 6558908                    /lib/x86_64-linux-gnu/libz.so.1.2.8
7f8d351e4000-7f8d351e5000 rw-p 00018000 08:04 6558908                    /lib/x86_64-linux-gnu/libz.so.1.2.8
7f8d351e5000-7f8d351fc000 r-xp 00000000 08:04 6554957                    /lib/x86_64-linux-gnu/libpthread-2.17.so
7f8d351fc000-7f8d353fc000 ---p 00017000 08:04 6554957                    /lib/x86_64-linux-gnu/libpthread-2.17.so
7f8d353fc000-7f8d353fd000 r--p 00017000 08:04 6554957                    /lib/x86_64-linux-gnu/libpthread-2.17.so
7f8d353fd000-7f8d353fe000 rw-p 00018000 08:04 6554957                    /lib/x86_64-linux-gnu/libpthread-2.17.so
7f8d353fe000-7f8d35402000 rw-p 00000000 00:00 0 
7f8d35402000-7f8d35405000 r-xp 00000000 08:04 6554956                    /lib/x86_64-linux-gnu/libdl-2.17.so
7f8d35405000-7f8d35604000 ---p 00003000 08:04 6554956                    /lib/x86_64-linux-gnu/libdl-2.17.so
7f8d35604000-7f8d35605000 r--p 00002000 08:04 6554956                    /lib/x86_64-linux-gnu/libdl-2.17.so
7f8d35605000-7f8d35606000 rw-p 00003000 08:04 6554956                    /lib/x86_64-linux-gnu/libdl-2.17.so
7f8d35606000-7f8d357c3000 r-xp 00000000 08:04 6554955                    /lib/x86_64-linux-gnu/libc-2.17.so
7f8d357c3000-7f8d359c3000 ---p 001bd000 08:04 6554955                    /lib/x86_64-linux-gnu/libc-2.17.so
7f8d359c3000-7f8d359c7000 r--p 001bd000 08:04 6554955                    /lib/x86_64-linux-gnu/libc-2.17.so
7f8d359c7000-7f8d359c9000 rw-p 001c1000 08:04 6554955                    /lib/x86_64-linux-gnu/libc-2.17.so
7f8d359c9000-7f8d359ce000 rw-p 00000000 00:00 0 
7f8d359ce000-7f8d359db000 r-xp 00000000 08:04 6557722                    /usr/lib/jvm/java-7-openjdk-amd64/jre/lib/amd64/jli/libjli.so
7f8d359db000-7f8d35bda000 ---p 0000d000 08:04 6557722                    /usr/lib/jvm/java-7-openjdk-amd64/jre/lib/amd64/jli/libjli.so
7f8d35bda000-7f8d35bdb000 r--p 0000c000 08:04 6557722                    /usr/lib/jvm/java-7-openjdk-amd64/jre/lib/amd64/jli/libjli.so
7f8d35bdb000-7f8d35bdc000 rw-p 0000d000 08:04 6557722                    /usr/lib/jvm/java-7-openjdk-amd64/jre/lib/amd64/jli/libjli.so
7f8d35bdc000-7f8d35bff000 r-xp 00000000 08:04 6554944                    /lib/x86_64-linux-gnu/ld-2.17.so
7f8d35c0d000-7f8d35c17000 rw-p 00000000 00:00 0 
7f8d35c17000-7f8d35ccd000 rw-p 00000000 00:00 0 
7f8d35ccd000-7f8d35cd0000 ---p 00000000 00:00 0 
7f8d35cd0000-7f8d35dd3000 rw-p 00000000 00:00 0                          [stack:24679]
7f8d35df0000-7f8d35df2000 rw-p 00000000 00:00 0 
7f8d35df2000-7f8d35dfa000 rw-s 00000000 08:04 786944                     /tmp/hsperfdata_kailip/24673
7f8d35dfa000-7f8d35dfb000 rw-p 00000000 00:00 0 
7f8d35dfb000-7f8d35dfc000 r--p 00000000 00:00 0 
7f8d35dfc000-7f8d35dfe000 rw-p 00000000 00:00 0 
7f8d35dfe000-7f8d35dff000 r--p 00022000 08:04 6554944                    /lib/x86_64-linux-gnu/ld-2.17.so
7f8d35dff000-7f8d35e01000 rw-p 00023000 08:04 6554944                    /lib/x86_64-linux-gnu/ld-2.17.so
7ffff07c1000-7ffff07e2000 rw-p 00000000 00:00 0                          [stack]
7ffff07fe000-7ffff0800000 r-xp 00000000 00:00 0                          [vdso]
ffffffffff600000-ffffffffff601000 r-xp 00000000 00:00 0                  [vsyscall]

VM Arguments:
jvm_args: -Xms8086M -Xmx8086M -Dfile.encoding=UTF-8 
java_command: algorithm.Blech
Launcher Type: SUN_STANDARD

Environment Variables:
PATH=/home/kailip/bin:/usr/local/sbin:/usr/local/bin:/usr/sbin:/usr/bin:/sbin:/bin:/usr/games:/usr/local/games
USERNAME=kailip
SHELL=/bin/bash
DISPLAY=:0

Signal Handlers:
SIGSEGV: [libjvm.so+0x916ea0], sa_mask[0]=0x7ffbfeff, sa_flags=0x10000004
SIGBUS: [libjvm.so+0x916ea0], sa_mask[0]=0x7ffbfeff, sa_flags=0x10000004
SIGFPE: [libjvm.so+0x794800], sa_mask[0]=0x7ffbfeff, sa_flags=0x10000004
SIGPIPE: [libjvm.so+0x794800], sa_mask[0]=0x7ffbfeff, sa_flags=0x10000004
SIGXFSZ: [libjvm.so+0x794800], sa_mask[0]=0x7ffbfeff, sa_flags=0x10000004
SIGILL: [libjvm.so+0x794800], sa_mask[0]=0x7ffbfeff, sa_flags=0x10000004
SIGUSR1: SIG_DFL, sa_mask[0]=0x00000000, sa_flags=0x00000000
SIGUSR2: [libjvm.so+0x7946a0], sa_mask[0]=0x00000004, sa_flags=0x10000004
SIGHUP: SIG_DFL, sa_mask[0]=0x00000000, sa_flags=0x00000000
SIGINT: SIG_DFL, sa_mask[0]=0x00000000, sa_flags=0x00000000
SIGTERM: SIG_DFL, sa_mask[0]=0x00000000, sa_flags=0x00000000
SIGQUIT: SIG_DFL, sa_mask[0]=0x00000000, sa_flags=0x00000000


---------------  S Y S T E M  ---------------

OS:Ubuntu 13.10 (saucy)
uname:Linux 3.11.0-15-generic #23-Ubuntu SMP Mon Dec 9 18:17:04 UTC 2013 x86_64
libc:glibc 2.17 NPTL 2.17 
rlimit: STACK 8192k, CORE 0k, NPROC 94711, NOFILE 4096, AS infinity
load average:1.51 1.50 1.40

/proc/meminfo:
MemTotal:       12202768 kB
MemFree:          399100 kB
Buffers:           23656 kB
Cached:          1449320 kB
SwapCached:        11532 kB
Active:         10008304 kB
Inactive:        1383668 kB
Active(anon):    9162492 kB
Inactive(anon):  1085496 kB
Active(file):     845812 kB
Inactive(file):   298172 kB
Unevictable:         128 kB
Mlocked:             128 kB
SwapTotal:       1000444 kB
SwapFree:         533760 kB
Dirty:             77668 kB
Writeback:             0 kB
AnonPages:       9910096 kB
Mapped:           203044 kB
Shmem:            328788 kB
Slab:             232920 kB
SReclaimable:     190132 kB
SUnreclaim:        42788 kB
KernelStack:        5896 kB
PageTables:        62036 kB
NFS_Unstable:          0 kB
Bounce:                0 kB
WritebackTmp:          0 kB
CommitLimit:     7101828 kB
Committed_AS:   16020868 kB
VmallocTotal:   34359738367 kB
VmallocUsed:      439372 kB
VmallocChunk:   34359277272 kB
HardwareCorrupted:     0 kB
AnonHugePages:         0 kB
HugePages_Total:       0
HugePages_Free:        0
HugePages_Rsvd:        0
HugePages_Surp:        0
Hugepagesize:       2048 kB
DirectMap4k:      148220 kB
DirectMap2M:    12335104 kB


CPU:total 4 (2 cores per cpu, 2 threads per core) family 6 model 58 stepping 9, cmov, cx8, fxsr, mmx, sse, sse2, sse3, ssse3, sse4.1, sse4.2, popcnt, avx, aes, erms, ht, tsc, tscinvbit, tscinv

/proc/cpuinfo:
processor	: 0
vendor_id	: GenuineIntel
cpu family	: 6
model		: 58
model name	: Intel(R) Core(TM) i5-3210M CPU @ 2.50GHz
stepping	: 9
microcode	: 0x15
cpu MHz		: 2501.000
cache size	: 3072 KB
physical id	: 0
siblings	: 4
core id		: 0
cpu cores	: 2
apicid		: 0
initial apicid	: 0
fpu		: yes
fpu_exception	: yes
cpuid level	: 13
wp		: yes
flags		: fpu vme de pse tsc msr pae mce cx8 apic sep mtrr pge mca cmov pat pse36 clflush dts acpi mmx fxsr sse sse2 ss ht tm pbe syscall nx rdtscp lm constant_tsc arch_perfmon pebs bts rep_good nopl xtopology nonstop_tsc aperfmperf eagerfpu pni pclmulqdq dtes64 monitor ds_cpl vmx est tm2 ssse3 cx16 xtpr pdcm pcid sse4_1 sse4_2 x2apic popcnt tsc_deadline_timer aes xsave avx f16c rdrand lahf_lm ida arat epb xsaveopt pln pts dtherm tpr_shadow vnmi flexpriority ept vpid fsgsbase smep erms
bogomips	: 4988.37
clflush size	: 64
cache_alignment	: 64
address sizes	: 36 bits physical, 48 bits virtual
power management:

processor	: 1
vendor_id	: GenuineIntel
cpu family	: 6
model		: 58
model name	: Intel(R) Core(TM) i5-3210M CPU @ 2.50GHz
stepping	: 9
microcode	: 0x15
cpu MHz		: 2501.000
cache size	: 3072 KB
physical id	: 0
siblings	: 4
core id		: 0
cpu cores	: 2
apicid		: 1
initial apicid	: 1
fpu		: yes
fpu_exception	: yes
cpuid level	: 13
wp		: yes
flags		: fpu vme de pse tsc msr pae mce cx8 apic sep mtrr pge mca cmov pat pse36 clflush dts acpi mmx fxsr sse sse2 ss ht tm pbe syscall nx rdtscp lm constant_tsc arch_perfmon pebs bts rep_good nopl xtopology nonstop_tsc aperfmperf eagerfpu pni pclmulqdq dtes64 monitor ds_cpl vmx est tm2 ssse3 cx16 xtpr pdcm pcid sse4_1 sse4_2 x2apic popcnt tsc_deadline_timer aes xsave avx f16c rdrand lahf_lm ida arat epb xsaveopt pln pts dtherm tpr_shadow vnmi flexpriority ept vpid fsgsbase smep erms
bogomips	: 4988.37
clflush size	: 64
cache_alignment	: 64
address sizes	: 36 bits physical, 48 bits virtual
power management:

processor	: 2
vendor_id	: GenuineIntel
cpu family	: 6
model		: 58
model name	: Intel(R) Core(TM) i5-3210M CPU @ 2.50GHz
stepping	: 9
microcode	: 0x15
cpu MHz		: 2501.000
cache size	: 3072 KB
physical id	: 0
siblings	: 4
core id		: 1
cpu cores	: 2
apicid		: 2
initial apicid	: 2
fpu		: yes
fpu_exception	: yes
cpuid level	: 13
wp		: yes
flags		: fpu vme de pse tsc msr pae mce cx8 apic sep mtrr pge mca cmov pat pse36 clflush dts acpi mmx fxsr sse sse2 ss ht tm pbe syscall nx rdtscp lm constant_tsc arch_perfmon pebs bts rep_good nopl xtopology nonstop_tsc aperfmperf eagerfpu pni pclmulqdq dtes64 monitor ds_cpl vmx est tm2 ssse3 cx16 xtpr pdcm pcid sse4_1 sse4_2 x2apic popcnt tsc_deadline_timer aes xsave avx f16c rdrand lahf_lm ida arat epb xsaveopt pln pts dtherm tpr_shadow vnmi flexpriority ept vpid fsgsbase smep erms
bogomips	: 4988.37
clflush size	: 64
cache_alignment	: 64
address sizes	: 36 bits physical, 48 bits virtual
power management:

processor	: 3
vendor_id	: GenuineIntel
cpu family	: 6
model		: 58
model name	: Intel(R) Core(TM) i5-3210M CPU @ 2.50GHz
stepping	: 9
microcode	: 0x15
cpu MHz		: 2501.000
cache size	: 3072 KB
physical id	: 0
siblings	: 4
core id		: 1
cpu cores	: 2
apicid		: 3
initial apicid	: 3
fpu		: yes
fpu_exception	: yes
cpuid level	: 13
wp		: yes
flags		: fpu vme de pse tsc msr pae mce cx8 apic sep mtrr pge mca cmov pat pse36 clflush dts acpi mmx fxsr sse sse2 ss ht tm pbe syscall nx rdtscp lm constant_tsc arch_perfmon pebs bts rep_good nopl xtopology nonstop_tsc aperfmperf eagerfpu pni pclmulqdq dtes64 monitor ds_cpl vmx est tm2 ssse3 cx16 xtpr pdcm pcid sse4_1 sse4_2 x2apic popcnt tsc_deadline_timer aes xsave avx f16c rdrand lahf_lm ida arat epb xsaveopt pln pts dtherm tpr_shadow vnmi flexpriority ept vpid fsgsbase smep erms
bogomips	: 4988.37
clflush size	: 64
cache_alignment	: 64
address sizes	: 36 bits physical, 48 bits virtual
power management:



Memory: 4k page, physical 12202768k(399100k free), swap 1000444k(533760k free)

vm_info: OpenJDK 64-Bit Server VM (24.45-b08) for linux-amd64 JRE (1.7.0_51-b00), built on Jan 15 2014 22:02:57 by "buildd" with gcc 4.8.1

time: Tue Jan 28 16:07:44 2014
elapsed time: 0 seconds

